#
# There is insufficient memory for the Java Runtime Environment to continue.
# Native memory allocation (malloc) failed to allocate 611456 bytes for Chunk::new
# Possible reasons:
#   The system is out of physical RAM or swap space
#   The process is running with CompressedOops enabled, and the Java Heap may be blocking the growth of the native heap
# Possible solutions:
#   Reduce memory load on the system
#   Increase physical memory or swap space
#   Check if swap backing store is full
#   Decrease Java heap size (-Xmx/-Xms)
#   Decrease number of Java threads
#   Decrease Java thread stack sizes (-Xss)
#   Set larger code cache with -XX:ReservedCodeCacheSize=
#   JVM is running with Unscaled Compressed Oops mode in which the Java heap is
#     placed in the first 4GB address space. The Java Heap base address is the
#     maximum limit for the native heap growth. Please use -XX:HeapBaseMinAddress
#     to set the Java Heap base and to place the Java Heap above 4GB virtual address.
# This output file may be truncated or incomplete.
#
#  Out of Memory Error (arena.cpp:189), pid=35040, tid=35904
#
# JRE version: OpenJDK Runtime Environment JBR-17.0.6+10-829.5-jcef (17.0.6+10) (build 17.0.6+10-b829.5)
# Java VM: OpenJDK 64-Bit Server VM JBR-17.0.6+10-829.5-jcef (17.0.6+10-b829.5, mixed mode, tiered, compressed oops, compressed class ptrs, g1 gc, windows-amd64)
# No core dump will be written. Minidumps are not enabled by default on client versions of Windows
#

---------------  S U M M A R Y ------------

Command Line: -Djava.rmi.server.hostname=127.0.0.1 -Duser.timezone=UTC -Xmx1024m -Xms128m --add-exports=java.desktop/sun.awt=ALL-UNNAMED --add-exports=java.desktop/java.awt.peer=ALL-UNNAMED --add-opens=java.desktop/java.awt=ALL-UNNAMED --add-opens=jdk.unsupported/sun.misc=ALL-UNNAMED --add-opens=java.base/java.nio=ALL-UNNAMED --add-opens=java.base/java.util=ALL-UNNAMED -Dfile.encoding=UTF-8 com.intellij.database.remote.RemoteJdbcServer com.dbschema.MongoJdbcDriver

Host: AMD Ryzen 5 3500U with Radeon Vega Mobile Gfx  , 8 cores, 9G,  Windows 10 , 64 bit Build 19041 (10.0.19041.3636)
Time: Thu Feb 29 12:01:22 2024 RTZ 2 (s 10 , 64 bit Build 19041 (10.0.19041.3636) elapsed time: 2.031280 seconds (0d 0h 0m 2s)

---------------  T H R E A D  ---------------

Current thread (0x00000207ff855e70):  JavaThread "C2 CompilerThread0" daemon [_thread_in_native, id=35904, stack(0x0000007586d00000,0x0000007586e00000)]


Current CompileTask:
C2:   2031 1368       4       jdk.internal.org.objectweb.asm.Frame::execute (2305 bytes)

Stack: [0x0000007586d00000,0x0000007586e00000]
Native frames: (J=compiled Java code, j=interpreted, Vv=VM code, C=native code)
V  [jvm.dll+0x683b4a]
V  [jvm.dll+0x842654]
V  [jvm.dll+0x843dfe]
V  [jvm.dll+0x844463]
V  [jvm.dll+0x249b75]
V  [jvm.dll+0xabcac]
V  [jvm.dll+0xac27c]
V  [jvm.dll+0x2b0eef]
V  [jvm.dll+0x58a207]
V  [jvm.dll+0x2243b2]
V  [jvm.dll+0x21d8bf]
V  [jvm.dll+0x21b51b]
V  [jvm.dll+0x1a4fdd]
V  [jvm.dll+0x22b098]
V  [jvm.dll+0x229159]
V  [jvm.dll+0x7f809c]
V  [jvm.dll+0x7f25fa]
V  [jvm.dll+0x682985]
C  [ucrtbase.dll+0x21bb2]
C  [KERNEL32.DLL+0x17344]
C  [ntdll.dll+0x526b1]


---------------  P R O C E S S  ---------------

Threads class SMR info:
_java_thread_list=0x0000020790a0c7c0, length=24, elements={
0x00000207f6324010, 0x00000207fee4d630, 0x00000207fee4f3c0, 0x00000207ff83b8e0,
0x00000207ff83d2b0, 0x00000207ff83fb80, 0x00000207ff840440, 0x00000207ff855e70,
0x00000207ff8603a0, 0x00000207ff862cb0, 0x00000207ff9c0680, 0x00000207ff9c0b50,
0x000002078f1c3120, 0x000002078f234e90, 0x000002078f609110, 0x000002078f61a9f0,
0x000002078f23bb90, 0x000002078f6457c0, 0x000002078f7c6e20, 0x000002078f7ca310,
0x0000020790b2baf0, 0x0000020790b29e10, 0x0000020790b2b150, 0x0000020790b13d80
}

Java Threads: ( => current thread )
  0x00000207f6324010 JavaThread "main" [_thread_blocked, id=35852, stack(0x0000007586000000,0x0000007586100000)]
  0x00000207fee4d630 JavaThread "Reference Handler" daemon [_thread_blocked, id=35880, stack(0x0000007586700000,0x0000007586800000)]
  0x00000207fee4f3c0 JavaThread "Finalizer" daemon [_thread_blocked, id=35884, stack(0x0000007586800000,0x0000007586900000)]
  0x00000207ff83b8e0 JavaThread "Signal Dispatcher" daemon [_thread_blocked, id=35888, stack(0x0000007586900000,0x0000007586a00000)]
  0x00000207ff83d2b0 JavaThread "Attach Listener" daemon [_thread_blocked, id=35892, stack(0x0000007586a00000,0x0000007586b00000)]
  0x00000207ff83fb80 JavaThread "Service Thread" daemon [_thread_blocked, id=35896, stack(0x0000007586b00000,0x0000007586c00000)]
  0x00000207ff840440 JavaThread "Monitor Deflation Thread" daemon [_thread_blocked, id=35900, stack(0x0000007586c00000,0x0000007586d00000)]
=>0x00000207ff855e70 JavaThread "C2 CompilerThread0" daemon [_thread_in_native, id=35904, stack(0x0000007586d00000,0x0000007586e00000)]
  0x00000207ff8603a0 JavaThread "C1 CompilerThread0" daemon [_thread_in_native, id=35908, stack(0x0000007586e00000,0x0000007586f00000)]
  0x00000207ff862cb0 JavaThread "Sweeper thread" daemon [_thread_blocked, id=35912, stack(0x0000007586f00000,0x0000007587000000)]
  0x00000207ff9c0680 JavaThread "Common-Cleaner" daemon [_thread_blocked, id=35916, stack(0x0000007587000000,0x0000007587100000)]
  0x00000207ff9c0b50 JavaThread "Notification Thread" daemon [_thread_blocked, id=35920, stack(0x0000007587100000,0x0000007587200000)]
  0x000002078f1c3120 JavaThread "MongoShell ExecutorService" daemon [_thread_in_Java, id=35936, stack(0x0000007587300000,0x0000007587400000)]
  0x000002078f234e90 JavaThread "MongoShell ExecutorService" daemon [_thread_in_vm, id=35940, stack(0x0000007587400000,0x0000007587500000)]
  0x000002078f609110 JavaThread "RMI TCP Accept-17273" daemon [_thread_in_native, id=35988, stack(0x0000007587c00000,0x0000007587d00000)]
  0x000002078f61a9f0 JavaThread "RMI TCP Accept-0" daemon [_thread_in_native, id=36016, stack(0x0000007587d00000,0x0000007587e00000)]
  0x000002078f23bb90 JavaThread "RMI Reaper" [_thread_blocked, id=36020, stack(0x0000007587e00000,0x0000007587f00000)]
  0x000002078f6457c0 JavaThread "RMI GC Daemon" daemon [_thread_blocked, id=36032, stack(0x0000007587f00000,0x0000007588000000)]
  0x000002078f7c6e20 JavaThread "RMI TCP Connection(1)-127.0.0.1" daemon [_thread_in_native, id=36068, stack(0x0000007588000000,0x0000007588100000)]
  0x000002078f7ca310 JavaThread "RMI TCP Connection(2)-127.0.0.1" daemon [_thread_in_native, id=36072, stack(0x0000007588100000,0x0000007588200000)]
  0x0000020790b2baf0 JavaThread "RMI Scheduler(0)" daemon [_thread_blocked, id=36084, stack(0x0000007588400000,0x0000007588500000)]
  0x0000020790b29e10 JavaThread "RMI TCP Connection(3)-127.0.0.1" daemon [_thread_in_native, id=36100, stack(0x0000007588500000,0x0000007588600000)]
  0x0000020790b2b150 JavaThread "RMI TCP Connection(4)-127.0.0.1" daemon [_thread_in_native, id=36104, stack(0x0000007588600000,0x0000007588700000)]
  0x0000020790b13d80 JavaThread "C2 CompilerThread1" daemon [_thread_in_native, id=36108, stack(0x0000007587b00000,0x0000007587c00000)]

Other Threads:
  0x00000207fee4aa10 VMThread "VM Thread" [stack: 0x0000007586600000,0x0000007586700000] [id=35876]
  0x00000207f63be4e0 WatcherThread [stack: 0x0000007587200000,0x0000007587300000] [id=35924]
  0x00000207f6360880 GCTaskThread "GC Thread#0" [stack: 0x0000007586100000,0x0000007586200000] [id=35856]
  0x000002078f38f610 GCTaskThread "GC Thread#1" [stack: 0x0000007587500000,0x0000007587600000] [id=35952]
  0x000002078f383a90 GCTaskThread "GC Thread#2" [stack: 0x0000007587600000,0x0000007587700000] [id=35956]
  0x000002078f383380 GCTaskThread "GC Thread#3" [stack: 0x0000007587700000,0x0000007587800000] [id=35960]
  0x000002078f3971f0 GCTaskThread "GC Thread#4" [stack: 0x0000007587800000,0x0000007587900000] [id=35964]
  0x000002078f3978b0 GCTaskThread "GC Thread#5" [stack: 0x0000007587900000,0x0000007587a00000] [id=35968]
  0x000002078f397b60 GCTaskThread "GC Thread#6" [stack: 0x0000007587a00000,0x0000007587b00000] [id=35972]
  0x000002078f6ce560 GCTaskThread "GC Thread#7" [stack: 0x0000007588200000,0x0000007588300000] [id=36076]
  0x00000207f63696d0 ConcurrentGCThread "G1 Main Marker" [stack: 0x0000007586200000,0x0000007586300000] [id=35860]
  0x00000207f636a790 ConcurrentGCThread "G1 Conc#0" [stack: 0x0000007586300000,0x0000007586400000] [id=35864]
  0x0000020790b02f20 ConcurrentGCThread "G1 Conc#1" [stack: 0x0000007588300000,0x0000007588400000] [id=36080]
  0x00000207f63eea80 ConcurrentGCThread "G1 Refine#0" [stack: 0x0000007586400000,0x0000007586500000] [id=35868]
  0x00000207fec968d0 ConcurrentGCThread "G1 Service" [stack: 0x0000007586500000,0x0000007586600000] [id=35872]

Threads with active compile tasks:
C2 CompilerThread0     2070 1368       4       jdk.internal.org.objectweb.asm.Frame::execute (2305 bytes)
C1 CompilerThread0     2070 1407       3       java.lang.invoke.TypeConvertingMethodAdapter::convertType (299 bytes)
C2 CompilerThread1     2070 1403       4       java.lang.String::replace (42 bytes)

VM state: not at safepoint (normal execution)

VM Mutex/Monitor currently owned by a thread: None

Heap address: 0x00000000c0000000, size: 1024 MB, Compressed Oops mode: 32-bit

CDS archive(s) not mapped
Compressed class space mapped at: 0x0000000100000000-0x0000000140000000, reserved size: 1073741824
Narrow klass base: 0x0000000000000000, Narrow klass shift: 3, Narrow klass range: 0x140000000

GC Precious Log:
 CPUs: 8 total, 8 available
 Memory: 10116M
 Large Page Support: Disabled
 NUMA Support: Disabled
 Compressed Oops: Enabled (32-bit)
 Heap Region Size: 1M
 Heap Min Capacity: 128M
 Heap Initial Capacity: 128M
 Heap Max Capacity: 1G
 Pre-touch: Disabled
 Parallel Workers: 8
 Concurrent Workers: 2
 Concurrent Refinement Workers: 8
 Periodic GC: Disabled

Heap:
 garbage-first heap   total 131072K, used 15596K [0x00000000c0000000, 0x0000000100000000)
  region size 1024K, 11 young (11264K), 1 survivors (1024K)
 Metaspace       used 24058K, committed 24320K, reserved 1073152K
  class space    used 2421K, committed 2560K, reserved 1048576K

Heap Regions: E=young(eden), S=young(survivor), O=old, HS=humongous(starts), HC=humongous(continues), CS=collection set, F=free, OA=open archive, CA=closed archive, TAMS=top-at-mark-start (previous, next)
|   0|0x00000000c0000000, 0x00000000c0100000, 0x00000000c0100000|100%|HS|  |TAMS 0x00000000c0100000, 0x00000000c0000000| Complete 
|   1|0x00000000c0100000, 0x00000000c0200000, 0x00000000c0200000|100%|HC|  |TAMS 0x00000000c0200000, 0x00000000c0100000| Complete 
|   2|0x00000000c0200000, 0x00000000c0300000, 0x00000000c0300000|100%| O|  |TAMS 0x00000000c0300000, 0x00000000c0200000| Untracked 
|   3|0x00000000c0300000, 0x00000000c0400000, 0x00000000c0400000|100%| O|  |TAMS 0x00000000c0330000, 0x00000000c0300000| Untracked 
|   4|0x00000000c0400000, 0x00000000c0500000, 0x00000000c0500000|100%| O|  |TAMS 0x00000000c0400000, 0x00000000c0400000| Untracked 
|   5|0x00000000c0500000, 0x00000000c0600000, 0x00000000c0600000|100%| O|  |TAMS 0x00000000c0500000, 0x00000000c0500000| Untracked 
|   6|0x00000000c0600000, 0x00000000c063b000, 0x00000000c0700000| 23%| O|  |TAMS 0x00000000c0600000, 0x00000000c0600000| Untracked 
|   7|0x00000000c0700000, 0x00000000c0700000, 0x00000000c0800000|  0%| F|  |TAMS 0x00000000c0700000, 0x00000000c0700000| Untracked 
|   8|0x00000000c0800000, 0x00000000c0800000, 0x00000000c0900000|  0%| F|  |TAMS 0x00000000c0800000, 0x00000000c0800000| Untracked 
|   9|0x00000000c0900000, 0x00000000c0900000, 0x00000000c0a00000|  0%| F|  |TAMS 0x00000000c0900000, 0x00000000c0900000| Untracked 
|  10|0x00000000c0a00000, 0x00000000c0a00000, 0x00000000c0b00000|  0%| F|  |TAMS 0x00000000c0a00000, 0x00000000c0a00000| Untracked 
|  11|0x00000000c0b00000, 0x00000000c0b00000, 0x00000000c0c00000|  0%| F|  |TAMS 0x00000000c0b00000, 0x00000000c0b00000| Untracked 
|  12|0x00000000c0c00000, 0x00000000c0c00000, 0x00000000c0d00000|  0%| F|  |TAMS 0x00000000c0c00000, 0x00000000c0c00000| Untracked 
|  13|0x00000000c0d00000, 0x00000000c0d00000, 0x00000000c0e00000|  0%| F|  |TAMS 0x00000000c0d00000, 0x00000000c0d00000| Untracked 
|  14|0x00000000c0e00000, 0x00000000c0e00000, 0x00000000c0f00000|  0%| F|  |TAMS 0x00000000c0e00000, 0x00000000c0e00000| Untracked 
|  15|0x00000000c0f00000, 0x00000000c0f00000, 0x00000000c1000000|  0%| F|  |TAMS 0x00000000c0f00000, 0x00000000c0f00000| Untracked 
|  16|0x00000000c1000000, 0x00000000c1000000, 0x00000000c1100000|  0%| F|  |TAMS 0x00000000c1000000, 0x00000000c1000000| Untracked 
|  17|0x00000000c1100000, 0x00000000c1100000, 0x00000000c1200000|  0%| F|  |TAMS 0x00000000c1100000, 0x00000000c1100000| Untracked 
|  18|0x00000000c1200000, 0x00000000c1200000, 0x00000000c1300000|  0%| F|  |TAMS 0x00000000c1200000, 0x00000000c1200000| Untracked 
|  19|0x00000000c1300000, 0x00000000c1300000, 0x00000000c1400000|  0%| F|  |TAMS 0x00000000c1300000, 0x00000000c1300000| Untracked 
|  20|0x00000000c1400000, 0x00000000c1400000, 0x00000000c1500000|  0%| F|  |TAMS 0x00000000c1400000, 0x00000000c1400000| Untracked 
|  21|0x00000000c1500000, 0x00000000c1500000, 0x00000000c1600000|  0%| F|  |TAMS 0x00000000c1500000, 0x00000000c1500000| Untracked 
|  22|0x00000000c1600000, 0x00000000c1600000, 0x00000000c1700000|  0%| F|  |TAMS 0x00000000c1600000, 0x00000000c1600000| Untracked 
|  23|0x00000000c1700000, 0x00000000c1700000, 0x00000000c1800000|  0%| F|  |TAMS 0x00000000c1700000, 0x00000000c1700000| Untracked 
|  24|0x00000000c1800000, 0x00000000c1800000, 0x00000000c1900000|  0%| F|  |TAMS 0x00000000c1800000, 0x00000000c1800000| Untracked 
|  25|0x00000000c1900000, 0x00000000c1900000, 0x00000000c1a00000|  0%| F|  |TAMS 0x00000000c1900000, 0x00000000c1900000| Untracked 
|  26|0x00000000c1a00000, 0x00000000c1a00000, 0x00000000c1b00000|  0%| F|  |TAMS 0x00000000c1a00000, 0x00000000c1a00000| Untracked 
|  27|0x00000000c1b00000, 0x00000000c1b00000, 0x00000000c1c00000|  0%| F|  |TAMS 0x00000000c1b00000, 0x00000000c1b00000| Untracked 
|  28|0x00000000c1c00000, 0x00000000c1c00000, 0x00000000c1d00000|  0%| F|  |TAMS 0x00000000c1c00000, 0x00000000c1c00000| Untracked 
|  29|0x00000000c1d00000, 0x00000000c1d00000, 0x00000000c1e00000|  0%| F|  |TAMS 0x00000000c1d00000, 0x00000000c1d00000| Untracked 
|  30|0x00000000c1e00000, 0x00000000c1e00000, 0x00000000c1f00000|  0%| F|  |TAMS 0x00000000c1e00000, 0x00000000c1e00000| Untracked 
|  31|0x00000000c1f00000, 0x00000000c1f00000, 0x00000000c2000000|  0%| F|  |TAMS 0x00000000c1f00000, 0x00000000c1f00000| Untracked 
|  32|0x00000000c2000000, 0x00000000c2000000, 0x00000000c2100000|  0%| F|  |TAMS 0x00000000c2000000, 0x00000000c2000000| Untracked 
|  33|0x00000000c2100000, 0x00000000c2100000, 0x00000000c2200000|  0%| F|  |TAMS 0x00000000c2100000, 0x00000000c2100000| Untracked 
|  34|0x00000000c2200000, 0x00000000c2200000, 0x00000000c2300000|  0%| F|  |TAMS 0x00000000c2200000, 0x00000000c2200000| Untracked 
|  35|0x00000000c2300000, 0x00000000c2300000, 0x00000000c2400000|  0%| F|  |TAMS 0x00000000c2300000, 0x00000000c2300000| Untracked 
|  36|0x00000000c2400000, 0x00000000c2400000, 0x00000000c2500000|  0%| F|  |TAMS 0x00000000c2400000, 0x00000000c2400000| Untracked 
|  37|0x00000000c2500000, 0x00000000c2500000, 0x00000000c2600000|  0%| F|  |TAMS 0x00000000c2500000, 0x00000000c2500000| Untracked 
|  38|0x00000000c2600000, 0x00000000c2600000, 0x00000000c2700000|  0%| F|  |TAMS 0x00000000c2600000, 0x00000000c2600000| Untracked 
|  39|0x00000000c2700000, 0x00000000c2700000, 0x00000000c2800000|  0%| F|  |TAMS 0x00000000c2700000, 0x00000000c2700000| Untracked 
|  40|0x00000000c2800000, 0x00000000c2800000, 0x00000000c2900000|  0%| F|  |TAMS 0x00000000c2800000, 0x00000000c2800000| Untracked 
|  41|0x00000000c2900000, 0x00000000c2900000, 0x00000000c2a00000|  0%| F|  |TAMS 0x00000000c2900000, 0x00000000c2900000| Untracked 
|  42|0x00000000c2a00000, 0x00000000c2a00000, 0x00000000c2b00000|  0%| F|  |TAMS 0x00000000c2a00000, 0x00000000c2a00000| Untracked 
|  43|0x00000000c2b00000, 0x00000000c2b00000, 0x00000000c2c00000|  0%| F|  |TAMS 0x00000000c2b00000, 0x00000000c2b00000| Untracked 
|  44|0x00000000c2c00000, 0x00000000c2c00000, 0x00000000c2d00000|  0%| F|  |TAMS 0x00000000c2c00000, 0x00000000c2c00000| Untracked 
|  45|0x00000000c2d00000, 0x00000000c2d00000, 0x00000000c2e00000|  0%| F|  |TAMS 0x00000000c2d00000, 0x00000000c2d00000| Untracked 
|  46|0x00000000c2e00000, 0x00000000c2e00000, 0x00000000c2f00000|  0%| F|  |TAMS 0x00000000c2e00000, 0x00000000c2e00000| Untracked 
|  47|0x00000000c2f00000, 0x00000000c2f00000, 0x00000000c3000000|  0%| F|  |TAMS 0x00000000c2f00000, 0x00000000c2f00000| Untracked 
|  48|0x00000000c3000000, 0x00000000c3000000, 0x00000000c3100000|  0%| F|  |TAMS 0x00000000c3000000, 0x00000000c3000000| Untracked 
|  49|0x00000000c3100000, 0x00000000c3100000, 0x00000000c3200000|  0%| F|  |TAMS 0x00000000c3100000, 0x00000000c3100000| Untracked 
|  50|0x00000000c3200000, 0x00000000c3200000, 0x00000000c3300000|  0%| F|  |TAMS 0x00000000c3200000, 0x00000000c3200000| Untracked 
|  51|0x00000000c3300000, 0x00000000c3300000, 0x00000000c3400000|  0%| F|  |TAMS 0x00000000c3300000, 0x00000000c3300000| Untracked 
|  52|0x00000000c3400000, 0x00000000c3400000, 0x00000000c3500000|  0%| F|  |TAMS 0x00000000c3400000, 0x00000000c3400000| Untracked 
|  53|0x00000000c3500000, 0x00000000c3500000, 0x00000000c3600000|  0%| F|  |TAMS 0x00000000c3500000, 0x00000000c3500000| Untracked 
|  54|0x00000000c3600000, 0x00000000c3600000, 0x00000000c3700000|  0%| F|  |TAMS 0x00000000c3600000, 0x00000000c3600000| Untracked 
|  55|0x00000000c3700000, 0x00000000c3700000, 0x00000000c3800000|  0%| F|  |TAMS 0x00000000c3700000, 0x00000000c3700000| Untracked 
|  56|0x00000000c3800000, 0x00000000c3800000, 0x00000000c3900000|  0%| F|  |TAMS 0x00000000c3800000, 0x00000000c3800000| Untracked 
|  57|0x00000000c3900000, 0x00000000c3900000, 0x00000000c3a00000|  0%| F|  |TAMS 0x00000000c3900000, 0x00000000c3900000| Untracked 
|  58|0x00000000c3a00000, 0x00000000c3a00000, 0x00000000c3b00000|  0%| F|  |TAMS 0x00000000c3a00000, 0x00000000c3a00000| Untracked 
|  59|0x00000000c3b00000, 0x00000000c3b00000, 0x00000000c3c00000|  0%| F|  |TAMS 0x00000000c3b00000, 0x00000000c3b00000| Untracked 
|  60|0x00000000c3c00000, 0x00000000c3c00000, 0x00000000c3d00000|  0%| F|  |TAMS 0x00000000c3c00000, 0x00000000c3c00000| Untracked 
|  61|0x00000000c3d00000, 0x00000000c3d00000, 0x00000000c3e00000|  0%| F|  |TAMS 0x00000000c3d00000, 0x00000000c3d00000| Untracked 
|  62|0x00000000c3e00000, 0x00000000c3e00000, 0x00000000c3f00000|  0%| F|  |TAMS 0x00000000c3e00000, 0x00000000c3e00000| Untracked 
|  63|0x00000000c3f00000, 0x00000000c3f00000, 0x00000000c4000000|  0%| F|  |TAMS 0x00000000c3f00000, 0x00000000c3f00000| Untracked 
|  64|0x00000000c4000000, 0x00000000c4000000, 0x00000000c4100000|  0%| F|  |TAMS 0x00000000c4000000, 0x00000000c4000000| Untracked 
|  65|0x00000000c4100000, 0x00000000c4100000, 0x00000000c4200000|  0%| F|  |TAMS 0x00000000c4100000, 0x00000000c4100000| Untracked 
|  66|0x00000000c4200000, 0x00000000c4200000, 0x00000000c4300000|  0%| F|  |TAMS 0x00000000c4200000, 0x00000000c4200000| Untracked 
|  67|0x00000000c4300000, 0x00000000c4300000, 0x00000000c4400000|  0%| F|  |TAMS 0x00000000c4300000, 0x00000000c4300000| Untracked 
|  68|0x00000000c4400000, 0x00000000c4400000, 0x00000000c4500000|  0%| F|  |TAMS 0x00000000c4400000, 0x00000000c4400000| Untracked 
|  69|0x00000000c4500000, 0x00000000c4500000, 0x00000000c4600000|  0%| F|  |TAMS 0x00000000c4500000, 0x00000000c4500000| Untracked 
|  70|0x00000000c4600000, 0x00000000c4600000, 0x00000000c4700000|  0%| F|  |TAMS 0x00000000c4600000, 0x00000000c4600000| Untracked 
|  71|0x00000000c4700000, 0x00000000c4700000, 0x00000000c4800000|  0%| F|  |TAMS 0x00000000c4700000, 0x00000000c4700000| Untracked 
|  72|0x00000000c4800000, 0x00000000c4800000, 0x00000000c4900000|  0%| F|  |TAMS 0x00000000c4800000, 0x00000000c4800000| Untracked 
|  73|0x00000000c4900000, 0x00000000c4900000, 0x00000000c4a00000|  0%| F|  |TAMS 0x00000000c4900000, 0x00000000c4900000| Untracked 
|  74|0x00000000c4a00000, 0x00000000c4a00000, 0x00000000c4b00000|  0%| F|  |TAMS 0x00000000c4a00000, 0x00000000c4a00000| Untracked 
|  75|0x00000000c4b00000, 0x00000000c4b00000, 0x00000000c4c00000|  0%| F|  |TAMS 0x00000000c4b00000, 0x00000000c4b00000| Untracked 
|  76|0x00000000c4c00000, 0x00000000c4c00000, 0x00000000c4d00000|  0%| F|  |TAMS 0x00000000c4c00000, 0x00000000c4c00000| Untracked 
|  77|0x00000000c4d00000, 0x00000000c4d00000, 0x00000000c4e00000|  0%| F|  |TAMS 0x00000000c4d00000, 0x00000000c4d00000| Untracked 
|  78|0x00000000c4e00000, 0x00000000c4e00000, 0x00000000c4f00000|  0%| F|  |TAMS 0x00000000c4e00000, 0x00000000c4e00000| Untracked 
|  79|0x00000000c4f00000, 0x00000000c4f00000, 0x00000000c5000000|  0%| F|  |TAMS 0x00000000c4f00000, 0x00000000c4f00000| Untracked 
|  80|0x00000000c5000000, 0x00000000c5000000, 0x00000000c5100000|  0%| F|  |TAMS 0x00000000c5000000, 0x00000000c5000000| Untracked 
|  81|0x00000000c5100000, 0x00000000c5100000, 0x00000000c5200000|  0%| F|  |TAMS 0x00000000c5100000, 0x00000000c5100000| Untracked 
|  82|0x00000000c5200000, 0x00000000c5200000, 0x00000000c5300000|  0%| F|  |TAMS 0x00000000c5200000, 0x00000000c5200000| Untracked 
|  83|0x00000000c5300000, 0x00000000c5300000, 0x00000000c5400000|  0%| F|  |TAMS 0x00000000c5300000, 0x00000000c5300000| Untracked 
|  84|0x00000000c5400000, 0x00000000c5400000, 0x00000000c5500000|  0%| F|  |TAMS 0x00000000c5400000, 0x00000000c5400000| Untracked 
|  85|0x00000000c5500000, 0x00000000c5500000, 0x00000000c5600000|  0%| F|  |TAMS 0x00000000c5500000, 0x00000000c5500000| Untracked 
|  86|0x00000000c5600000, 0x00000000c5600000, 0x00000000c5700000|  0%| F|  |TAMS 0x00000000c5600000, 0x00000000c5600000| Untracked 
|  87|0x00000000c5700000, 0x00000000c5700000, 0x00000000c5800000|  0%| F|  |TAMS 0x00000000c5700000, 0x00000000c5700000| Untracked 
|  88|0x00000000c5800000, 0x00000000c5800000, 0x00000000c5900000|  0%| F|  |TAMS 0x00000000c5800000, 0x00000000c5800000| Untracked 
|  89|0x00000000c5900000, 0x00000000c5900000, 0x00000000c5a00000|  0%| F|  |TAMS 0x00000000c5900000, 0x00000000c5900000| Untracked 
|  90|0x00000000c5a00000, 0x00000000c5a00000, 0x00000000c5b00000|  0%| F|  |TAMS 0x00000000c5a00000, 0x00000000c5a00000| Untracked 
|  91|0x00000000c5b00000, 0x00000000c5b00000, 0x00000000c5c00000|  0%| F|  |TAMS 0x00000000c5b00000, 0x00000000c5b00000| Untracked 
|  92|0x00000000c5c00000, 0x00000000c5c00000, 0x00000000c5d00000|  0%| F|  |TAMS 0x00000000c5c00000, 0x00000000c5c00000| Untracked 
|  93|0x00000000c5d00000, 0x00000000c5d00000, 0x00000000c5e00000|  0%| F|  |TAMS 0x00000000c5d00000, 0x00000000c5d00000| Untracked 
|  94|0x00000000c5e00000, 0x00000000c5e00000, 0x00000000c5f00000|  0%| F|  |TAMS 0x00000000c5e00000, 0x00000000c5e00000| Untracked 
|  95|0x00000000c5f00000, 0x00000000c5f00000, 0x00000000c6000000|  0%| F|  |TAMS 0x00000000c5f00000, 0x00000000c5f00000| Untracked 
|  96|0x00000000c6000000, 0x00000000c6000000, 0x00000000c6100000|  0%| F|  |TAMS 0x00000000c6000000, 0x00000000c6000000| Untracked 
|  97|0x00000000c6100000, 0x00000000c6100000, 0x00000000c6200000|  0%| F|  |TAMS 0x00000000c6100000, 0x00000000c6100000| Untracked 
|  98|0x00000000c6200000, 0x00000000c6200000, 0x00000000c6300000|  0%| F|  |TAMS 0x00000000c6200000, 0x00000000c6200000| Untracked 
|  99|0x00000000c6300000, 0x00000000c6300000, 0x00000000c6400000|  0%| F|  |TAMS 0x00000000c6300000, 0x00000000c6300000| Untracked 
| 100|0x00000000c6400000, 0x00000000c6400000, 0x00000000c6500000|  0%| F|  |TAMS 0x00000000c6400000, 0x00000000c6400000| Untracked 
| 101|0x00000000c6500000, 0x00000000c6500000, 0x00000000c6600000|  0%| F|  |TAMS 0x00000000c6500000, 0x00000000c6500000| Untracked 
| 102|0x00000000c6600000, 0x00000000c6600000, 0x00000000c6700000|  0%| F|  |TAMS 0x00000000c6600000, 0x00000000c6600000| Untracked 
| 103|0x00000000c6700000, 0x00000000c6700000, 0x00000000c6800000|  0%| F|  |TAMS 0x00000000c6700000, 0x00000000c6700000| Untracked 
| 104|0x00000000c6800000, 0x00000000c6800000, 0x00000000c6900000|  0%| F|  |TAMS 0x00000000c6800000, 0x00000000c6800000| Untracked 
| 105|0x00000000c6900000, 0x00000000c6900000, 0x00000000c6a00000|  0%| F|  |TAMS 0x00000000c6900000, 0x00000000c6900000| Untracked 
| 106|0x00000000c6a00000, 0x00000000c6a00000, 0x00000000c6b00000|  0%| F|  |TAMS 0x00000000c6a00000, 0x00000000c6a00000| Untracked 
| 107|0x00000000c6b00000, 0x00000000c6b00000, 0x00000000c6c00000|  0%| F|  |TAMS 0x00000000c6b00000, 0x00000000c6b00000| Untracked 
| 108|0x00000000c6c00000, 0x00000000c6c00000, 0x00000000c6d00000|  0%| F|  |TAMS 0x00000000c6c00000, 0x00000000c6c00000| Untracked 
| 109|0x00000000c6d00000, 0x00000000c6d00000, 0x00000000c6e00000|  0%| F|  |TAMS 0x00000000c6d00000, 0x00000000c6d00000| Untracked 
| 110|0x00000000c6e00000, 0x00000000c6e00000, 0x00000000c6f00000|  0%| F|  |TAMS 0x00000000c6e00000, 0x00000000c6e00000| Untracked 
| 111|0x00000000c6f00000, 0x00000000c6f00000, 0x00000000c7000000|  0%| F|  |TAMS 0x00000000c6f00000, 0x00000000c6f00000| Untracked 
| 112|0x00000000c7000000, 0x00000000c7000000, 0x00000000c7100000|  0%| F|  |TAMS 0x00000000c7000000, 0x00000000c7000000| Untracked 
| 113|0x00000000c7100000, 0x00000000c7100000, 0x00000000c7200000|  0%| F|  |TAMS 0x00000000c7100000, 0x00000000c7100000| Untracked 
| 114|0x00000000c7200000, 0x00000000c7300000, 0x00000000c7300000|100%| S|CS|TAMS 0x00000000c7200000, 0x00000000c7200000| Complete 
| 115|0x00000000c7300000, 0x00000000c7300000, 0x00000000c7400000|  0%| F|  |TAMS 0x00000000c7300000, 0x00000000c7300000| Untracked 
| 116|0x00000000c7400000, 0x00000000c7400000, 0x00000000c7500000|  0%| F|  |TAMS 0x00000000c7400000, 0x00000000c7400000| Untracked 
| 117|0x00000000c7500000, 0x00000000c7500000, 0x00000000c7600000|  0%| F|  |TAMS 0x00000000c7500000, 0x00000000c7500000| Untracked 
| 118|0x00000000c7600000, 0x00000000c7680800, 0x00000000c7700000| 50%| E|  |TAMS 0x00000000c7600000, 0x00000000c7600000| Complete 
| 119|0x00000000c7700000, 0x00000000c7800000, 0x00000000c7800000|100%| E|CS|TAMS 0x00000000c7700000, 0x00000000c7700000| Complete 
| 120|0x00000000c7800000, 0x00000000c7900000, 0x00000000c7900000|100%| E|CS|TAMS 0x00000000c7800000, 0x00000000c7800000| Complete 
| 121|0x00000000c7900000, 0x00000000c7a00000, 0x00000000c7a00000|100%| E|CS|TAMS 0x00000000c7900000, 0x00000000c7900000| Complete 
| 122|0x00000000c7a00000, 0x00000000c7b00000, 0x00000000c7b00000|100%| E|CS|TAMS 0x00000000c7a00000, 0x00000000c7a00000| Complete 
| 123|0x00000000c7b00000, 0x00000000c7c00000, 0x00000000c7c00000|100%| E|CS|TAMS 0x00000000c7b00000, 0x00000000c7b00000| Complete 
| 124|0x00000000c7c00000, 0x00000000c7d00000, 0x00000000c7d00000|100%| E|CS|TAMS 0x00000000c7c00000, 0x00000000c7c00000| Complete 
| 125|0x00000000c7d00000, 0x00000000c7e00000, 0x00000000c7e00000|100%| E|CS|TAMS 0x00000000c7d00000, 0x00000000c7d00000| Complete 
| 126|0x00000000c7e00000, 0x00000000c7f00000, 0x00000000c7f00000|100%| E|CS|TAMS 0x00000000c7e00000, 0x00000000c7e00000| Complete 
| 127|0x00000000c7f00000, 0x00000000c8000000, 0x00000000c8000000|100%| E|  |TAMS 0x00000000c7f00000, 0x00000000c7f00000| Complete 

Card table byte_map: [0x00000207f9fd0000,0x00000207fa1d0000] _byte_map_base: 0x00000207f99d0000

Marking Bits (Prev, Next): (CMBitMap*) 0x00000207f6360de0, (CMBitMap*) 0x00000207f6360da0
 Prev Bits: [0x00000207fb3d0000, 0x00000207fc3d0000)
 Next Bits: [0x00000207fa3d0000, 0x00000207fb3d0000)

Polling page: 0x00000207f42f0000

Metaspace:

Usage:
  Non-class:     21.16 MB used.
      Class:      2.37 MB used.
       Both:     23.53 MB used.

Virtual space:
  Non-class space:       24.00 MB reserved,      21.31 MB ( 89%) committed,  3 nodes.
      Class space:        1.00 GB reserved,       2.50 MB ( <1%) committed,  1 nodes.
             Both:        1.02 GB reserved,      23.81 MB (  2%) committed. 

Chunk freelists:
   Non-Class:  2.27 MB
       Class:  1.33 MB
        Both:  3.59 MB

MaxMetaspaceSize: unlimited
CompressedClassSpaceSize: 1.00 GB
Initial GC threshold: 21.00 MB
Current GC threshold: 35.25 MB
CDS: off
MetaspaceReclaimPolicy: balanced
 - commit_granule_bytes: 65536.
 - commit_granule_words: 8192.
 - virtual_space_node_default_size: 1048576.
 - enlarge_chunks_in_place: 1.
 - new_chunks_are_fully_committed: 0.
 - uncommit_free_chunks: 1.
 - use_allocation_guard: 0.
 - handle_deallocations: 1.


Internal statistics:

num_allocs_failed_limit: 3.
num_arena_births: 238.
num_arena_deaths: 0.
num_vsnodes_births: 4.
num_vsnodes_deaths: 0.
num_space_committed: 381.
num_space_uncommitted: 0.
num_chunks_returned_to_freelist: 3.
num_chunks_taken_from_freelist: 775.
num_chunk_merges: 3.
num_chunk_splits: 506.
num_chunks_enlarged: 361.
num_purges: 0.
num_inconsistent_stats: 0.

CodeHeap 'non-profiled nmethods': size=120000Kb used=462Kb max_used=462Kb free=119538Kb
 bounds [0x0000020787ad0000, 0x0000020787d40000, 0x000002078f000000]
CodeHeap 'profiled nmethods': size=120000Kb used=2429Kb max_used=2429Kb free=117570Kb
 bounds [0x0000020780000000, 0x0000020780270000, 0x0000020787530000]
CodeHeap 'non-nmethods': size=5760Kb used=1248Kb max_used=1261Kb free=4511Kb
 bounds [0x0000020787530000, 0x00000207877a0000, 0x0000020787ad0000]
 total_blobs=1970 nmethods=1406 adapters=477
 compilation: enabled
              stopped_count=0, restarted_count=0
 full_count=0

Compilation events (20 events):
Event: 1.995 Thread 0x00000207ff8603a0 nmethod 1381 0x000002078024a490 code [0x000002078024a660, 0x000002078024aa98]
Event: 1.995 Thread 0x00000207ff8603a0 1382       3       java.lang.invoke.Invokers$Holder::linkToTargetMethod (10 bytes)
Event: 1.995 Thread 0x00000207ff8603a0 nmethod 1382 0x000002078024ab90 code [0x000002078024ad40, 0x000002078024b158]
Event: 1.998 Thread 0x00000207ff8603a0 1384   !   3       jdk.internal.loader.AbstractClassLoaderValue::get (21 bytes)
Event: 1.998 Thread 0x00000207ff8603a0 nmethod 1384 0x000002078024b210 code [0x000002078024b420, 0x000002078024bac8]
Event: 2.003 Thread 0x00000207ff8603a0 1386   !   3       jdk.internal.reflect.NativeConstructorAccessorImpl::newInstance (122 bytes)
Event: 2.004 Thread 0x00000207ff8603a0 nmethod 1386 0x000002078024bd90 code [0x000002078024bfe0, 0x000002078024cb68]
Event: 2.004 Thread 0x00000207ff8603a0 1389       3       com.oracle.truffle.api.nodes.NodeClassImpl::isChildField (19 bytes)
Event: 2.005 Thread 0x00000207ff8603a0 nmethod 1389 0x000002078024d090 code [0x000002078024d240, 0x000002078024d498]
Event: 2.005 Thread 0x00000207ff8603a0 1387       3       java.lang.reflect.Constructor::newInstance (34 bytes)
Event: 2.005 Thread 0x00000207ff8603a0 nmethod 1387 0x000002078024d590 code [0x000002078024d740, 0x000002078024d978]
Event: 2.005 Thread 0x00000207ff8603a0 1390       1       com.oracle.truffle.api.nodes.NodeClassImpl$NodeFieldData::getOffset (5 bytes)
Event: 2.005 Thread 0x00000207ff8603a0 nmethod 1390 0x0000020787b42490 code [0x0000020787b42620, 0x0000020787b426f8]
Event: 2.007 Thread 0x00000207ff8603a0 1391       3       com.oracle.truffle.api.strings.TStringOps::stubOffset (12 bytes)
Event: 2.007 Thread 0x00000207ff8603a0 nmethod 1391 0x000002078024da90 code [0x000002078024dc20, 0x000002078024dd48]
Event: 2.024 Thread 0x00000207ff8603a0 1393       3       com.oracle.truffle.api.CompilerAsserts::partialEvaluationConstant (1 bytes)
Event: 2.024 Thread 0x00000207ff8603a0 nmethod 1393 0x000002078024de10 code [0x000002078024dfa0, 0x000002078024e098]
Event: 2.027 Thread 0x00000207ff8603a0 1394       3       com.oracle.truffle.api.strings.TStringInternalNodesFactory$FromJavaStringUTF16NodeGen$Uncached::execute (13 bytes)
Event: 2.027 Thread 0x00000207ff8603a0 nmethod 1394 0x000002078024e110 code [0x000002078024e2c0, 0x000002078024e4e8]
Event: 2.027 Thread 0x00000207ff8603a0 1395       3       com.oracle.truffle.api.strings.TStringInternalNodes$FromJavaStringUTF16Node::doNonEmpty (359 bytes)

GC Heap History (4 events):
Event: 1.363 GC heap before
{Heap before GC invocations=0 (full 0):
 garbage-first heap   total 131072K, used 24576K [0x00000000c0000000, 0x0000000100000000)
  region size 1024K, 23 young (23552K), 0 survivors (0K)
 Metaspace       used 16932K, committed 17088K, reserved 1064960K
  class space    used 1608K, committed 1664K, reserved 1048576K
}
Event: 1.371 GC heap after
{Heap after GC invocations=1 (full 0):
 garbage-first heap   total 131072K, used 6336K [0x00000000c0000000, 0x0000000100000000)
  region size 1024K, 3 young (3072K), 3 survivors (3072K)
 Metaspace       used 16932K, committed 17088K, reserved 1064960K
  class space    used 1608K, committed 1664K, reserved 1048576K
}
Event: 1.706 GC heap before
{Heap before GC invocations=1 (full 0):
 garbage-first heap   total 131072K, used 18624K [0x00000000c0000000, 0x0000000100000000)
  region size 1024K, 16 young (16384K), 3 survivors (3072K)
 Metaspace       used 21293K, committed 21504K, reserved 1073152K
  class space    used 2036K, committed 2176K, reserved 1048576K
}
Event: 1.713 GC heap after
{Heap after GC invocations=2 (full 0):
 garbage-first heap   total 131072K, used 7404K [0x00000000c0000000, 0x0000000100000000)
  region size 1024K, 1 young (1024K), 1 survivors (1024K)
 Metaspace       used 21293K, committed 21504K, reserved 1073152K
  class space    used 2036K, committed 2176K, reserved 1048576K
}

Dll operation events (1 events):
Event: 0.026 Loaded shared library C:\Program Files\JetBrains\JetBrains Rider 2023.1\jbr\bin\java.dll

Deoptimization events (20 events):
Event: 1.543 Thread 0x00000207f6324010 DEOPT PACKING pc=0x00000207801a90ba sp=0x00000075860fedf0
Event: 1.543 Thread 0x00000207f6324010 DEOPT UNPACKING pc=0x0000020787587143 sp=0x00000075860fe268 mode 0
Event: 1.555 Thread 0x000002078f234e90 Uncommon trap: trap_request=0xffffff45 fr.pc=0x0000020787afc648 relative=0x0000000000000048
Event: 1.555 Thread 0x000002078f234e90 Uncommon trap: reason=unstable_if action=reinterpret pc=0x0000020787afc648 method=java.lang.CharacterData.of(I)Ljava/lang/CharacterData; @ 4 c2
Event: 1.555 Thread 0x000002078f234e90 DEOPT PACKING pc=0x0000020787afc648 sp=0x00000075874fd9c0
Event: 1.555 Thread 0x000002078f234e90 DEOPT UNPACKING pc=0x00000207875869a3 sp=0x00000075874fd960 mode 2
Event: 1.702 Thread 0x000002078f234e90 DEOPT PACKING pc=0x000002078020c0e5 sp=0x00000075874f7fe0
Event: 1.702 Thread 0x000002078f234e90 DEOPT UNPACKING pc=0x0000020787587143 sp=0x00000075874f7430 mode 0
Event: 1.735 Thread 0x000002078f7ca310 Uncommon trap: trap_request=0xffffff45 fr.pc=0x0000020787b30c24 relative=0x0000000000000e04
Event: 1.735 Thread 0x000002078f7ca310 Uncommon trap: reason=unstable_if action=reinterpret pc=0x0000020787b30c24 method=java.util.concurrent.ConcurrentHashMap.addCount(JI)V @ 7 c2
Event: 1.735 Thread 0x000002078f7ca310 DEOPT PACKING pc=0x0000020787b30c24 sp=0x00000075881fd560
Event: 1.735 Thread 0x000002078f7ca310 DEOPT UNPACKING pc=0x00000207875869a3 sp=0x00000075881fd430 mode 2
Event: 1.735 Thread 0x000002078f7ca310 Uncommon trap: trap_request=0xffffff45 fr.pc=0x0000020787b2f818 relative=0x00000000000001d8
Event: 1.735 Thread 0x000002078f7ca310 Uncommon trap: reason=unstable_if action=reinterpret pc=0x0000020787b2f818 method=java.util.concurrent.ConcurrentHashMap.addCount(JI)V @ 7 c2
Event: 1.735 Thread 0x000002078f7ca310 DEOPT PACKING pc=0x0000020787b2f818 sp=0x00000075881fd030
Event: 1.735 Thread 0x000002078f7ca310 DEOPT UNPACKING pc=0x00000207875869a3 sp=0x00000075881fcf90 mode 2
Event: 1.864 Thread 0x000002078f234e90 DEOPT PACKING pc=0x000002078020c0e5 sp=0x00000075874f9c40
Event: 1.864 Thread 0x000002078f234e90 DEOPT UNPACKING pc=0x0000020787587143 sp=0x00000075874f9090 mode 0
Event: 1.989 Thread 0x000002078f234e90 DEOPT PACKING pc=0x000002078020c0e5 sp=0x00000075874fc430
Event: 1.989 Thread 0x000002078f234e90 DEOPT UNPACKING pc=0x0000020787587143 sp=0x00000075874fb880 mode 0

Classes unloaded (0 events):
No events

Classes redefined (0 events):
No events

Internal exceptions (20 events):
Event: 1.136 Thread 0x00000207f6324010 Exception <a 'java/lang/NoSuchMethodError'{0x00000000c6ff3ce8}: 'java.lang.Object java.lang.invoke.DirectMethodHandle$Holder.invokeStatic(java.lang.Object, java.lang.Object, int)'> (0x00000000c6ff3ce8) 
thrown [s\src\hotspot\share\interpreter\linkResolver.cpp, line 771]
Event: 1.139 Thread 0x00000207f6324010 Exception <a 'java/lang/NoSuchMethodError'{0x00000000c6fff8e0}: 'void java.lang.invoke.DelegatingMethodHandle$Holder.delegate(java.lang.Object, java.lang.Object, int, java.lang.Object)'> (0x00000000c6fff8e0) 
thrown [s\src\hotspot\share\interpreter\linkResolver.cpp, line 771]
Event: 1.140 Thread 0x00000207f6324010 Exception <a 'java/lang/NoSuchMethodError'{0x00000000c6e04128}: 'int java.lang.invoke.DirectMethodHandle$Holder.invokeSpecial(java.lang.Object, java.lang.Object, java.lang.Object)'> (0x00000000c6e04128) 
thrown [s\src\hotspot\share\interpreter\linkResolver.cpp, line 771]
Event: 1.160 Thread 0x00000207f6324010 Exception <a 'java/lang/NoSuchMethodError'{0x00000000c6e391d0}: 'void java.lang.invoke.DirectMethodHandle$Holder.invokeStatic(java.lang.Object, java.lang.Object, java.lang.Object)'> (0x00000000c6e391d0) 
thrown [s\src\hotspot\share\interpreter\linkResolver.cpp, line 771]
Event: 1.168 Thread 0x00000207f6324010 Exception <a 'java/lang/NoSuchMethodError'{0x00000000c6e44d60}: 'java.lang.Object java.lang.invoke.Invokers$Holder.invoke_MT(java.lang.Object, java.lang.Object, java.lang.Object)'> (0x00000000c6e44d60) 
thrown [s\src\hotspot\share\interpreter\linkResolver.cpp, line 771]
Event: 1.175 Thread 0x00000207f6324010 Exception <a 'java/lang/NoSuchMethodError'{0x00000000c6e54e80}: 'void java.lang.invoke.DirectMethodHandle$Holder.invokeInterface(java.lang.Object, java.lang.Object, java.lang.Object)'> (0x00000000c6e54e80) 
thrown [s\src\hotspot\share\interpreter\linkResolver.cpp, line 771]
Event: 1.176 Thread 0x00000207f6324010 Exception <a 'java/lang/IncompatibleClassChangeError'{0x00000000c6e582e0}: Found class java.lang.Object, but interface was expected> (0x00000000c6e582e0) 
thrown [s\src\hotspot\share\interpreter\linkResolver.cpp, line 838]
Event: 1.176 Thread 0x00000207f6324010 Exception <a 'java/lang/IncompatibleClassChangeError'{0x00000000c6e59978}: Found class java.lang.Object, but interface was expected> (0x00000000c6e59978) 
thrown [s\src\hotspot\share\interpreter\linkResolver.cpp, line 838]
Event: 1.177 Thread 0x00000207f6324010 Exception <a 'java/lang/IncompatibleClassChangeError'{0x00000000c6e5aa48}: Found class java.lang.Object, but interface was expected> (0x00000000c6e5aa48) 
thrown [s\src\hotspot\share\interpreter\linkResolver.cpp, line 838]
Event: 1.177 Thread 0x00000207f6324010 Exception <a 'java/lang/IncompatibleClassChangeError'{0x00000000c6e5be10}: Found class java.lang.Object, but interface was expected> (0x00000000c6e5be10) 
thrown [s\src\hotspot\share\interpreter\linkResolver.cpp, line 838]
Event: 1.177 Thread 0x00000207f6324010 Exception <a 'java/lang/IncompatibleClassChangeError'{0x00000000c6e5cdc8}: Found class java.lang.Object, but interface was expected> (0x00000000c6e5cdc8) 
thrown [s\src\hotspot\share\interpreter\linkResolver.cpp, line 838]
Event: 1.178 Thread 0x00000207f6324010 Exception <a 'java/lang/NoSuchMethodError'{0x00000000c6e5fa50}: 'void java.lang.invoke.DirectMethodHandle$Holder.invokeStatic(java.lang.Object, java.lang.Object)'> (0x00000000c6e5fa50) 
thrown [s\src\hotspot\share\interpreter\linkResolver.cpp, line 771]
Event: 1.211 Thread 0x000002078f1c3120 Exception <a 'java/lang/NoSuchMethodError'{0x00000000c6cb1cb8}: 'java.lang.Object java.lang.invoke.DirectMethodHandle$Holder.invokeStaticInit(java.lang.Object)'> (0x00000000c6cb1cb8) 
thrown [s\src\hotspot\share\interpreter\linkResolver.cpp, line 771]
Event: 1.273 Thread 0x00000207f6324010 Exception <a 'java/lang/NoSuchMethodError'{0x00000000c6abd740}: 'java.lang.Object java.lang.invoke.DirectMethodHandle$Holder.invokeStaticInit(java.lang.Object, int, int, int, int)'> (0x00000000c6abd740) 
thrown [s\src\hotspot\share\interpreter\linkResolver.cpp, line 771]
Event: 1.318 Thread 0x000002078f234e90 Exception <a 'sun/nio/fs/WindowsException'{0x00000000c6940be0}> (0x00000000c6940be0) 
thrown [s\src\hotspot\share\prims\jni.cpp, line 517]
Event: 1.452 Thread 0x00000207f6324010 Exception <a 'java/lang/NoSuchMethodError'{0x00000000c7cf67d0}: 'java.lang.Object java.lang.invoke.DirectMethodHandle$Holder.invokeStaticInit(java.lang.Object, java.lang.Object, int, int, int, int)'> (0x00000000c7cf67d0) 
thrown [s\src\hotspot\share\interpreter\linkResolver.cpp, line 771]
Event: 1.503 Thread 0x000002078f234e90 Exception <a 'java/lang/NoSuchMethodError'{0x00000000c7adb150}: 'void java.lang.invoke.DirectMethodHandle$Holder.invokeSpecial(java.lang.Object, java.lang.Object, java.lang.Object)'> (0x00000000c7adb150) 
thrown [s\src\hotspot\share\interpreter\linkResolver.cpp, line 771]
Event: 1.503 Thread 0x000002078f1c3120 Exception <a 'java/lang/NoSuchMethodError'{0x00000000c7ed7820}: 'void java.lang.invoke.DirectMethodHandle$Holder.invokeSpecial(java.lang.Object, java.lang.Object, java.lang.Object)'> (0x00000000c7ed7820) 
thrown [s\src\hotspot\share\interpreter\linkResolver.cpp, line 771]
Event: 1.584 Thread 0x00000207f6324010 Exception <a 'java/lang/NoSuchMethodError'{0x00000000c7792c68}: 'java.lang.Object java.lang.invoke.Invokers$Holder.linkToTargetMethod(java.lang.Object, long, java.lang.Object)'> (0x00000000c7792c68) 
thrown [s\src\hotspot\share\interpreter\linkResolver.cpp, line 771]
Event: 1.682 Thread 0x000002078f234e90 Exception <a 'java/lang/NoSuchMethodError'{0x00000000c74c0610}: 'java.lang.Object java.lang.invoke.DirectMethodHandle$Holder.invokeStaticInit(java.lang.Object, java.lang.Object, java.lang.Object)'> (0x00000000c74c0610) 
thrown [s\src\hotspot\share\interpreter\linkResolver.cpp, line 771]

VM Operations (20 events):
Event: 1.166 Executing VM operation: HandshakeAllThreads
Event: 1.166 Executing VM operation: HandshakeAllThreads done
Event: 1.203 Executing VM operation: HandshakeAllThreads
Event: 1.203 Executing VM operation: HandshakeAllThreads done
Event: 1.232 Executing VM operation: HandshakeAllThreads
Event: 1.232 Executing VM operation: HandshakeAllThreads done
Event: 1.247 Executing VM operation: HandshakeAllThreads
Event: 1.247 Executing VM operation: HandshakeAllThreads done
Event: 1.314 Executing VM operation: HandshakeAllThreads
Event: 1.314 Executing VM operation: HandshakeAllThreads done
Event: 1.363 Executing VM operation: G1CollectForAllocation
Event: 1.371 Executing VM operation: G1CollectForAllocation done
Event: 1.556 Executing VM operation: HandshakeAllThreads
Event: 1.556 Executing VM operation: HandshakeAllThreads done
Event: 1.706 Executing VM operation: CollectForMetadataAllocation
Event: 1.713 Executing VM operation: CollectForMetadataAllocation done
Event: 1.721 Executing VM operation: G1Concurrent
Event: 1.723 Executing VM operation: G1Concurrent done
Event: 1.725 Executing VM operation: G1Concurrent
Event: 1.726 Executing VM operation: G1Concurrent done

Events (20 events):
Event: 1.784 loading class java/util/concurrent/ScheduledThreadPoolExecutor$ScheduledFutureTask
Event: 1.785 loading class java/util/concurrent/ScheduledThreadPoolExecutor$ScheduledFutureTask done
Event: 1.785 loading class java/util/concurrent/Executors$RunnableAdapter
Event: 1.785 loading class java/util/concurrent/Executors$RunnableAdapter done
Event: 1.786 Thread 0x0000020790b2baf0 Thread added: 0x0000020790b2baf0
Event: 1.786 loading class java/util/concurrent/TimeUnit$1
Event: 1.786 loading class java/util/concurrent/TimeUnit$1 done
Event: 1.787 loading class java/time/temporal/ChronoUnit
Event: 1.788 loading class java/time/temporal/TemporalUnit
Event: 1.788 loading class java/time/temporal/TemporalUnit done
Event: 1.788 loading class java/time/temporal/ChronoUnit done
Event: 1.789 loading class java/math/BigInteger
Event: 1.791 loading class java/math/BigInteger done
Event: 1.792 loading class java/util/concurrent/locks/AbstractQueuedSynchronizer$ConditionNode
Event: 1.792 loading class java/util/concurrent/locks/AbstractQueuedSynchronizer$Node
Event: 1.793 loading class java/util/concurrent/locks/AbstractQueuedSynchronizer$Node done
Event: 1.793 loading class java/util/concurrent/locks/AbstractQueuedSynchronizer$ConditionNode done
Event: 1.884 Thread 0x0000020790b29e10 Thread added: 0x0000020790b29e10
Event: 1.885 Thread 0x0000020790b2b150 Thread added: 0x0000020790b2b150
Event: 1.951 Thread 0x000002078f3f1500 Thread exited: 0x000002078f3f1500


Dynamic libraries:
0x00007ff60f2d0000 - 0x00007ff60f2da000 	C:\Program Files\JetBrains\JetBrains Rider 2023.1\jbr\bin\java.exe
0x00007ffa92e30000 - 0x00007ffa93028000 	C:\WINDOWS\SYSTEM32\ntdll.dll
0x00007ffa91e40000 - 0x00007ffa91efd000 	C:\WINDOWS\System32\KERNEL32.DLL
0x00007ffa90ac0000 - 0x00007ffa90db6000 	C:\WINDOWS\System32\KERNELBASE.dll
0x00007ffa908a0000 - 0x00007ffa909a0000 	C:\WINDOWS\System32\ucrtbase.dll
0x00007ffa7ae60000 - 0x00007ffa7ae77000 	C:\Program Files\JetBrains\JetBrains Rider 2023.1\jbr\bin\jli.dll
0x00007ffa7e3e0000 - 0x00007ffa7e3fb000 	C:\Program Files\JetBrains\JetBrains Rider 2023.1\jbr\bin\VCRUNTIME140.dll
0x00007ffa92520000 - 0x00007ffa926be000 	C:\WINDOWS\System32\USER32.dll
0x00007ffa90df0000 - 0x00007ffa90e12000 	C:\WINDOWS\System32\win32u.dll
0x00007ffa7d630000 - 0x00007ffa7d8ca000 	C:\WINDOWS\WinSxS\amd64_microsoft.windows.common-controls_6595b64144ccf1df_6.0.19041.3636_none_60b6a03d71f818d5\COMCTL32.dll
0x00007ffa918b0000 - 0x00007ffa918db000 	C:\WINDOWS\System32\GDI32.dll
0x00007ffa909a0000 - 0x00007ffa90ab7000 	C:\WINDOWS\System32\gdi32full.dll
0x00007ffa904f0000 - 0x00007ffa9058d000 	C:\WINDOWS\System32\msvcp_win.dll
0x00007ffa92910000 - 0x00007ffa929ae000 	C:\WINDOWS\System32\msvcrt.dll
0x00007ffa92720000 - 0x00007ffa92752000 	C:\WINDOWS\System32\IMM32.DLL
0x00007ffa8a470000 - 0x00007ffa8a47c000 	C:\Program Files\JetBrains\JetBrains Rider 2023.1\jbr\bin\vcruntime140_1.dll
0x00007ffa79040000 - 0x00007ffa790cd000 	C:\Program Files\JetBrains\JetBrains Rider 2023.1\jbr\bin\msvcp140.dll
0x00007ffa5d380000 - 0x00007ffa5dfed000 	C:\Program Files\JetBrains\JetBrains Rider 2023.1\jbr\bin\server\jvm.dll
0x00007ffa929b0000 - 0x00007ffa92a63000 	C:\WINDOWS\System32\ADVAPI32.dll
0x00007ffa92370000 - 0x00007ffa9240f000 	C:\WINDOWS\System32\sechost.dll
0x00007ffa92760000 - 0x00007ffa92886000 	C:\WINDOWS\System32\RPCRT4.dll
0x00007ffa90dc0000 - 0x00007ffa90de7000 	C:\WINDOWS\System32\bcrypt.dll
0x00007ffa86d80000 - 0x00007ffa86da7000 	C:\WINDOWS\SYSTEM32\WINMM.dll
0x00007ffa86db0000 - 0x00007ffa86dba000 	C:\WINDOWS\SYSTEM32\VERSION.dll
0x00007ffa8a460000 - 0x00007ffa8a469000 	C:\WINDOWS\SYSTEM32\WSOCK32.dll
0x00007ffa92d80000 - 0x00007ffa92deb000 	C:\WINDOWS\System32\ws2_32.DLL
0x00007ffa8e280000 - 0x00007ffa8e292000 	C:\WINDOWS\SYSTEM32\kernel.appcore.dll
0x00007ffa82fc0000 - 0x00007ffa82fca000 	C:\Program Files\JetBrains\JetBrains Rider 2023.1\jbr\bin\jimage.dll
0x00007ffa871c0000 - 0x00007ffa873a4000 	C:\WINDOWS\SYSTEM32\DBGHELP.DLL
0x00007ffa7f410000 - 0x00007ffa7f444000 	C:\WINDOWS\SYSTEM32\dbgcore.DLL
0x00007ffa906f0000 - 0x00007ffa90772000 	C:\WINDOWS\System32\bcryptPrimitives.dll
0x00007ffa78540000 - 0x00007ffa78565000 	C:\Program Files\JetBrains\JetBrains Rider 2023.1\jbr\bin\java.dll
0x00007ffa78520000 - 0x00007ffa78538000 	C:\Program Files\JetBrains\JetBrains Rider 2023.1\jbr\bin\zip.dll
0x00007ffa91160000 - 0x00007ffa918a5000 	C:\WINDOWS\System32\SHELL32.dll
0x00007ffa8e560000 - 0x00007ffa8ecfc000 	C:\WINDOWS\SYSTEM32\windows.storage.dll
0x00007ffa918e0000 - 0x00007ffa91c34000 	C:\WINDOWS\System32\combase.dll
0x00007ffa8fd70000 - 0x00007ffa8fd9e000 	C:\WINDOWS\SYSTEM32\Wldp.dll
0x00007ffa92b90000 - 0x00007ffa92c5d000 	C:\WINDOWS\System32\OLEAUT32.dll
0x00007ffa92cd0000 - 0x00007ffa92d7d000 	C:\WINDOWS\System32\SHCORE.dll
0x00007ffa926c0000 - 0x00007ffa92715000 	C:\WINDOWS\System32\shlwapi.dll
0x00007ffa90420000 - 0x00007ffa90445000 	C:\WINDOWS\SYSTEM32\profapi.dll
0x00007ffa78400000 - 0x00007ffa78419000 	C:\Program Files\JetBrains\JetBrains Rider 2023.1\jbr\bin\net.dll
0x00007ffa89930000 - 0x00007ffa89a3a000 	C:\WINDOWS\SYSTEM32\WINHTTP.dll
0x00007ffa8fb50000 - 0x00007ffa8fbba000 	C:\WINDOWS\system32\mswsock.dll
0x00007ffa783e0000 - 0x00007ffa783f6000 	C:\Program Files\JetBrains\JetBrains Rider 2023.1\jbr\bin\nio.dll
0x00007ffa8f860000 - 0x00007ffa8f89b000 	C:\WINDOWS\SYSTEM32\IPHLPAPI.DLL
0x00007ffa92cc0000 - 0x00007ffa92cc8000 	C:\WINDOWS\System32\NSI.dll
0x00007ffa89360000 - 0x00007ffa89377000 	C:\WINDOWS\SYSTEM32\dhcpcsvc6.DLL
0x00007ffa88ad0000 - 0x00007ffa88aed000 	C:\WINDOWS\SYSTEM32\dhcpcsvc.DLL
0x00007ffa8f8a0000 - 0x00007ffa8f96b000 	C:\WINDOWS\SYSTEM32\DNSAPI.dll
0x00007ffa8fdb0000 - 0x00007ffa8fdc8000 	C:\WINDOWS\SYSTEM32\CRYPTSP.dll
0x00007ffa8f4a0000 - 0x00007ffa8f4d4000 	C:\WINDOWS\system32\rsaenh.dll
0x00007ffa903a0000 - 0x00007ffa903ce000 	C:\WINDOWS\SYSTEM32\USERENV.dll
0x00007ffa8fce0000 - 0x00007ffa8fcec000 	C:\WINDOWS\SYSTEM32\CRYPTBASE.dll
0x00007ffa79030000 - 0x00007ffa79037000 	C:\Program Files\JetBrains\JetBrains Rider 2023.1\jbr\bin\rmi.dll

dbghelp: loaded successfully - version: 4.0.5 - missing functions: none
symbol engine: initialized successfully - sym options: 0x614 - pdb path: .;C:\Program Files\JetBrains\JetBrains Rider 2023.1\jbr\bin;C:\WINDOWS\SYSTEM32;C:\WINDOWS\WinSxS\amd64_microsoft.windows.common-controls_6595b64144ccf1df_6.0.19041.3636_none_60b6a03d71f818d5;C:\Program Files\JetBrains\JetBrains Rider 2023.1\jbr\bin\server

VM Arguments:
jvm_args: -Djava.rmi.server.hostname=127.0.0.1 -Duser.timezone=UTC -Xmx1024m -Xms128m --add-exports=java.desktop/sun.awt=ALL-UNNAMED --add-exports=java.desktop/java.awt.peer=ALL-UNNAMED --add-opens=java.desktop/java.awt=ALL-UNNAMED --add-opens=jdk.unsupported/sun.misc=ALL-UNNAMED --add-opens=java.base/java.nio=ALL-UNNAMED --add-opens=java.base/java.util=ALL-UNNAMED -Dfile.encoding=UTF-8 
java_command: com.intellij.database.remote.RemoteJdbcServer com.dbschema.MongoJdbcDriver
java_class_path (initial): C:\Program Files\JetBrains\JetBrains Rider 2023.1\lib\util_rt.jar;C:\Program Files\JetBrains\JetBrains Rider 2023.1\lib\util-8.jar;C:\Program Files\JetBrains\JetBrains Rider 2023.1\lib\groovy.jar;C:\Program Files\JetBrains\JetBrains Rider 2023.1\plugins\DatabaseTools\lib\jdbc-console.jar;C:\Program Files\JetBrains\JetBrains Rider 2023.1\plugins\grid-core-impl\lib\jdbc-console-types.jar;C:\Program Files\JetBrains\JetBrains Rider 2023.1\lib\util.jar;C:\Users\buryy\AppData\Roaming\JetBrains\Rider2023.1\jdbc-drivers\MongoDB\1.18\mongo-jdbc-standalone-1.18.jar
Launcher Type: SUN_STANDARD

[Global flags]
     intx CICompilerCount                          = 4                                         {product} {ergonomic}
     uint ConcGCThreads                            = 2                                         {product} {ergonomic}
     uint G1ConcRefinementThreads                  = 8                                         {product} {ergonomic}
   size_t G1HeapRegionSize                         = 1048576                                   {product} {ergonomic}
    uintx GCDrainStackTargetSize                   = 64                                        {product} {ergonomic}
   size_t InitialHeapSize                          = 134217728                                 {product} {command line}
   size_t MarkStackSize                            = 4194304                                   {product} {ergonomic}
   size_t MaxHeapSize                              = 1073741824                                {product} {command line}
   size_t MaxNewSize                               = 643825664                                 {product} {ergonomic}
   size_t MinHeapDeltaBytes                        = 1048576                                   {product} {ergonomic}
   size_t MinHeapSize                              = 134217728                                 {product} {command line}
    uintx NonNMethodCodeHeapSize                   = 5839372                                {pd product} {ergonomic}
    uintx NonProfiledCodeHeapSize                  = 122909434                              {pd product} {ergonomic}
    uintx ProfiledCodeHeapSize                     = 122909434                              {pd product} {ergonomic}
    uintx ReservedCodeCacheSize                    = 251658240                              {pd product} {ergonomic}
     bool SegmentedCodeCache                       = true                                      {product} {ergonomic}
   size_t SoftMaxHeapSize                          = 1073741824                             {manageable} {ergonomic}
     bool UseCompressedClassPointers               = true                           {product lp64_product} {ergonomic}
     bool UseCompressedOops                        = true                           {product lp64_product} {ergonomic}
     bool UseG1GC                                  = true                                      {product} {ergonomic}
     bool UseLargePagesIndividualAllocation        = false                                  {pd product} {ergonomic}

Logging:
Log output configuration:
 #0: stdout all=warning uptime,level,tags
 #1: stderr all=off uptime,level,tags

Environment Variables:
PATH=C:\Python312\Scripts\;C:\Python312\;C:\Program Files\Eclipse Adoptium\jdk-21.0.1.12-hotspot\bin;C:\WINDOWS\system32;C:\WINDOWS;C:\WINDOWS\System32\Wbem;C:\WINDOWS\System32\WindowsPowerShell\v1.0\;C:\WINDOWS\System32\OpenSSH\;C:\Program Files\Microsoft SQL Server\150\Tools\Binn\;C:\Program Files\Microsoft SQL Server\Client SDK\ODBC\170\Tools\Binn\;C:\Program Files\dotnet\;C:\Program Files\Git\cmd;C:\Program Files\nodejs\;C:\ProgramData\chocolatey\bin;C:\Program Files\Docker\Docker\resources\bin;C:\Users\buryy\AppData\Local\Microsoft\WindowsApps;C:\Users\buryy\.dotnet\tools;C:\Users\buryy\AppData\Local\Programs\Microsoft VS Code\bin;C:\Users\buryy\AppData\Roaming\npm
USERNAME=buryy
OS=Windows_NT
PROCESSOR_IDENTIFIER=AMD64 Family 23 Model 24 Stepping 1, AuthenticAMD
TMP=C:\Users\buryy\AppData\Local\Temp
TEMP=C:\Users\buryy\AppData\Local\Temp



---------------  S Y S T E M  ---------------

OS:
 Windows 10 , 64 bit Build 19041 (10.0.19041.3636)
OS uptime: 0 days 22:08 hours
Hyper-V role detected

CPU: total 8 (initial active 8) (8 cores per cpu, 2 threads per core) family 23 model 24 stepping 1 microcode 0x0, cx8, cmov, fxsr, ht, mmx, 3dnowpref, sse, sse2, sse3, ssse3, sse4a, sse4.1, sse4.2, popcnt, lzcnt, tsc, tscinvbit, avx, avx2, aes, clmul, bmi1, bmi2, adx, sha, fma, vzeroupper, clflush, clflushopt, hv

Memory: 4k page, system-wide physical 10116M (427M free)
TotalPageFile size 26116M (AvailPageFile size 8M)
current process WorkingSet (physical memory assigned to process): 106M, peak: 106M
current process commit charge ("private bytes"): 239M, peak: 239M

vm_info: OpenJDK 64-Bit Server VM (17.0.6+10-b829.5) for windows-amd64 JRE (17.0.6+10-b829.5), built on 2023-02-24 by "builduser" with MS VC++ 16.10 / 16.11 (VS2019)

END.
